{"D:\\Source\\Repos\\cclautert\\StarkAgro\\StarkAgroUI-Mobile\\components\\dashboard\\HumidityChart.tsx": {"path":"D:\\Source\\Repos\\cclautert\\StarkAgro\\StarkAgroUI-Mobile\\components\\dashboard\\HumidityChart.tsx","statementMap":{"0":{"start":{"line":6,"column":18},"end":{"line":6,"column":42}},"1":{"start":{"line":8,"column":24},"end":{"line":8,"column":68}},"2":{"start":{"line":9,"column":23},"end":{"line":9,"column":47}},"3":{"start":{"line":18,"column":12},"end":{"line":18,"column":29}},"4":{"start":{"line":19,"column":14},"end":{"line":19,"column":53}},"5":{"start":{"line":20,"column":16},"end":{"line":20,"column":62}},"6":{"start":{"line":21,"column":2},"end":{"line":21,"column":27}},"7":{"start":{"line":25,"column":21},"end":{"line":25,"column":31}},"8":{"start":{"line":26,"column":22},"end":{"line":26,"column":25}},"9":{"start":{"line":27,"column":22},"end":{"line":27,"column":24}},"10":{"start":{"line":28,"column":24},"end":{"line":28,"column":26}},"11":{"start":{"line":29,"column":21},"end":{"line":29,"column":45}},"12":{"start":{"line":30,"column":22},"end":{"line":30,"column":49}},"13":{"start":{"line":33,"column":20},"end":{"line":37,"column":47}},"14":{"start":{"line":34,"column":17},"end":{"line":34,"column":73}},"15":{"start":{"line":34,"column":42},"end":{"line":34,"column":72}},"16":{"start":{"line":34,"column":64},"end":{"line":34,"column":71}},"17":{"start":{"line":35,"column":4},"end":{"line":35,"column":44}},"18":{"start":{"line":36,"column":4},"end":{"line":36,"column":16}},"19":{"start":{"line":39,"column":17},"end":{"line":39,"column":56}},"20":{"start":{"line":40,"column":17},"end":{"line":40,"column":58}},"21":{"start":{"line":41,"column":16},"end":{"line":41,"column":36}},"22":{"start":{"line":44,"column":4},"end":{"line":44,"column":64}},"23":{"start":{"line":48,"column":4},"end":{"line":48,"column":71}},"24":{"start":{"line":52,"column":17},"end":{"line":52,"column":35}},"25":{"start":{"line":53,"column":17},"end":{"line":53,"column":35}},"26":{"start":{"line":57,"column":18},"end":{"line":57,"column":62}},"27":{"start":{"line":57,"column":40},"end":{"line":57,"column":61}},"28":{"start":{"line":59,"column":2},"end":{"line":65,"column":3}},"29":{"start":{"line":60,"column":4},"end":{"line":64,"column":6}},"30":{"start":{"line":67,"column":2},"end":{"line":195,"column":4}},"31":{"start":{"line":129,"column":12},"end":{"line":129,"column":49}},"32":{"start":{"line":129,"column":37},"end":{"line":129,"column":49}},"33":{"start":{"line":130,"column":26},"end":{"line":130,"column":63}},"34":{"start":{"line":131,"column":12},"end":{"line":152,"column":14}},"35":{"start":{"line":137,"column":31},"end":{"line":137,"column":73}},"36":{"start":{"line":138,"column":18},"end":{"line":149,"column":20}},"37":{"start":{"line":160,"column":25},"end":{"line":160,"column":69}},"38":{"start":{"line":160,"column":47},"end":{"line":160,"column":68}},"39":{"start":{"line":161,"column":10},"end":{"line":161,"column":35}},"40":{"start":{"line":161,"column":23},"end":{"line":161,"column":35}},"41":{"start":{"line":162,"column":20},"end":{"line":162,"column":35}},"42":{"start":{"line":163,"column":10},"end":{"line":173,"column":12}},"43":{"start":{"line":180,"column":10},"end":{"line":183,"column":17}}},"fnMap":{"0":{"name":"formatDateShort","decl":{"start":{"line":17,"column":9},"end":{"line":17,"column":24}},"loc":{"start":{"line":17,"column":50},"end":{"line":22,"column":1}},"line":17},"1":{"name":"HumidityChart","decl":{"start":{"line":24,"column":16},"end":{"line":24,"column":29}},"loc":{"start":{"line":24,"column":95},"end":{"line":196,"column":1}},"line":24},"2":{"name":"(anonymous_2)","decl":{"start":{"line":33,"column":28},"end":{"line":33,"column":29}},"loc":{"start":{"line":33,"column":34},"end":{"line":37,"column":3}},"line":33},"3":{"name":"(anonymous_3)","decl":{"start":{"line":34,"column":35},"end":{"line":34,"column":36}},"loc":{"start":{"line":34,"column":42},"end":{"line":34,"column":72}},"line":34},"4":{"name":"(anonymous_4)","decl":{"start":{"line":34,"column":57},"end":{"line":34,"column":58}},"loc":{"start":{"line":34,"column":64},"end":{"line":34,"column":71}},"line":34},"5":{"name":"toY","decl":{"start":{"line":43,"column":11},"end":{"line":43,"column":14}},"loc":{"start":{"line":43,"column":36},"end":{"line":45,"column":3}},"line":43},"6":{"name":"toX","decl":{"start":{"line":47,"column":11},"end":{"line":47,"column":14}},"loc":{"start":{"line":47,"column":53},"end":{"line":49,"column":3}},"line":47},"7":{"name":"(anonymous_7)","decl":{"start":{"line":57,"column":33},"end":{"line":57,"column":34}},"loc":{"start":{"line":57,"column":40},"end":{"line":57,"column":61}},"line":57},"8":{"name":"(anonymous_8)","decl":{"start":{"line":128,"column":25},"end":{"line":128,"column":26}},"loc":{"start":{"line":128,"column":37},"end":{"line":153,"column":11}},"line":128},"9":{"name":"(anonymous_9)","decl":{"start":{"line":136,"column":33},"end":{"line":136,"column":34}},"loc":{"start":{"line":136,"column":44},"end":{"line":150,"column":17}},"line":136},"10":{"name":"(anonymous_10)","decl":{"start":{"line":159,"column":10},"end":{"line":159,"column":11}},"loc":{"start":{"line":159,"column":16},"end":{"line":174,"column":9}},"line":159},"11":{"name":"(anonymous_11)","decl":{"start":{"line":160,"column":40},"end":{"line":160,"column":41}},"loc":{"start":{"line":160,"column":47},"end":{"line":160,"column":68}},"line":160},"12":{"name":"(anonymous_12)","decl":{"start":{"line":179,"column":28},"end":{"line":179,"column":29}},"loc":{"start":{"line":180,"column":10},"end":{"line":183,"column":17}},"line":180}},"branchMap":{"0":{"loc":{"start":{"line":41,"column":16},"end":{"line":41,"column":36}},"type":"binary-expr","locations":[{"start":{"line":41,"column":16},"end":{"line":41,"column":31}},{"start":{"line":41,"column":35},"end":{"line":41,"column":36}}],"line":41},"1":{"loc":{"start":{"line":59,"column":2},"end":{"line":65,"column":3}},"type":"if","locations":[{"start":{"line":59,"column":2},"end":{"line":65,"column":3}},{"start":{},"end":{}}],"line":59},"2":{"loc":{"start":{"line":129,"column":12},"end":{"line":129,"column":49}},"type":"if","locations":[{"start":{"line":129,"column":12},"end":{"line":129,"column":49}},{"start":{},"end":{}}],"line":129},"3":{"loc":{"start":{"line":130,"column":26},"end":{"line":130,"column":63}},"type":"binary-expr","locations":[{"start":{"line":130,"column":26},"end":{"line":130,"column":45}},{"start":{"line":130,"column":49},"end":{"line":130,"column":63}}],"line":130},"4":{"loc":{"start":{"line":161,"column":10},"end":{"line":161,"column":35}},"type":"if","locations":[{"start":{"line":161,"column":10},"end":{"line":161,"column":35}},{"start":{},"end":{}}],"line":161},"5":{"loc":{"start":{"line":166,"column":17},"end":{"line":166,"column":65}},"type":"cond-expr","locations":[{"start":{"line":166,"column":24},"end":{"line":166,"column":60}},{"start":{"line":166,"column":63},"end":{"line":166,"column":65}}],"line":166},"6":{"loc":{"start":{"line":170,"column":17},"end":{"line":170,"column":87}},"type":"cond-expr","locations":[{"start":{"line":170,"column":35},"end":{"line":170,"column":82}},{"start":{"line":170,"column":85},"end":{"line":170,"column":87}}],"line":170}},"s":{"0":1,"1":1,"2":1,"3":6,"4":6,"5":6,"6":6,"7":4,"8":4,"9":4,"10":4,"11":4,"12":4,"13":4,"14":4,"15":16,"16":6,"17":4,"18":4,"19":4,"20":4,"21":4,"22":8,"23":0,"24":4,"25":4,"26":4,"27":7,"28":4,"29":1,"30":3,"31":12,"32":9,"33":3,"34":3,"35":6,"36":6,"37":3,"38":3,"39":3,"40":0,"41":3,"42":3,"43":12},"f":{"0":6,"1":4,"2":4,"3":16,"4":6,"5":8,"6":0,"7":7,"8":12,"9":6,"10":3,"11":3,"12":12},"b":{"0":[4,0],"1":[1,3],"2":[9,3],"3":[3,0],"4":[0,3],"5":[3,0],"6":[3,0]},"_coverageSchema":"1a1c01bbd47fc00a2c39e90264f33305004495a9","hash":"a01539f5911afc0c9922794a374e5b79de37a917"}
,"D:\\Source\\Repos\\cclautert\\StarkAgro\\StarkAgroUI-Mobile\\components\\dashboard\\QuadrantCard.tsx": {"path":"D:\\Source\\Repos\\cclautert\\StarkAgro\\StarkAgroUI-Mobile\\components\\dashboard\\QuadrantCard.tsx","statementMap":{"0":{"start":{"line":20,"column":2},"end":{"line":20,"column":79}},"1":{"start":{"line":20,"column":20},"end":{"line":20,"column":79}},"2":{"start":{"line":21,"column":2},"end":{"line":21,"column":76}},"3":{"start":{"line":21,"column":19},"end":{"line":21,"column":76}},"4":{"start":{"line":22,"column":2},"end":{"line":22,"column":75}},"5":{"start":{"line":22,"column":19},"end":{"line":22,"column":75}},"6":{"start":{"line":23,"column":2},"end":{"line":23,"column":74}},"7":{"start":{"line":23,"column":24},"end":{"line":23,"column":74}},"8":{"start":{"line":24,"column":2},"end":{"line":24,"column":46}},"9":{"start":{"line":28,"column":17},"end":{"line":28,"column":61}},"10":{"start":{"line":29,"column":18},"end":{"line":29,"column":78}},"11":{"start":{"line":31,"column":2},"end":{"line":59,"column":4}}},"fnMap":{"0":{"name":"getStatus","decl":{"start":{"line":19,"column":9},"end":{"line":19,"column":18}},"loc":{"start":{"line":19,"column":77},"end":{"line":25,"column":1}},"line":19},"1":{"name":"QuadrantCard","decl":{"start":{"line":27,"column":16},"end":{"line":27,"column":28}},"loc":{"start":{"line":27,"column":113},"end":{"line":60,"column":1}},"line":27}},"branchMap":{"0":{"loc":{"start":{"line":20,"column":2},"end":{"line":20,"column":79}},"type":"if","locations":[{"start":{"line":20,"column":2},"end":{"line":20,"column":79}},{"start":{},"end":{}}],"line":20},"1":{"loc":{"start":{"line":21,"column":2},"end":{"line":21,"column":76}},"type":"if","locations":[{"start":{"line":21,"column":2},"end":{"line":21,"column":76}},{"start":{},"end":{}}],"line":21},"2":{"loc":{"start":{"line":22,"column":2},"end":{"line":22,"column":75}},"type":"if","locations":[{"start":{"line":22,"column":2},"end":{"line":22,"column":75}},{"start":{},"end":{}}],"line":22},"3":{"loc":{"start":{"line":23,"column":2},"end":{"line":23,"column":74}},"type":"if","locations":[{"start":{"line":23,"column":2},"end":{"line":23,"column":74}},{"start":{},"end":{}}],"line":23},"4":{"loc":{"start":{"line":29,"column":18},"end":{"line":29,"column":78}},"type":"binary-expr","locations":[{"start":{"line":29,"column":18},"end":{"line":29,"column":30}},{"start":{"line":29,"column":35},"end":{"line":29,"column":54}},{"start":{"line":29,"column":58},"end":{"line":29,"column":77}}],"line":29},"5":{"loc":{"start":{"line":40,"column":21},"end":{"line":40,"column":63}},"type":"cond-expr","locations":[{"start":{"line":40,"column":31},"end":{"line":40,"column":43}},{"start":{"line":40,"column":46},"end":{"line":40,"column":63}}],"line":40},"6":{"loc":{"start":{"line":50,"column":9},"end":{"line":50,"column":49}},"type":"cond-expr","locations":[{"start":{"line":50,"column":24},"end":{"line":50,"column":43}},{"start":{"line":50,"column":46},"end":{"line":50,"column":49}}],"line":50},"7":{"loc":{"start":{"line":56,"column":9},"end":{"line":56,"column":53}},"type":"cond-expr","locations":[{"start":{"line":56,"column":19},"end":{"line":56,"column":38}},{"start":{"line":56,"column":41},"end":{"line":56,"column":53}}],"line":56}},"s":{"0":7,"1":2,"2":5,"3":1,"4":4,"5":1,"6":3,"7":1,"8":2,"9":7,"10":7,"11":7},"f":{"0":7,"1":7},"b":{"0":[2,5],"1":[1,4],"2":[1,3],"3":[1,2],"4":[7,5,4],"5":[2,5],"6":[5,2],"7":[2,5]},"_coverageSchema":"1a1c01bbd47fc00a2c39e90264f33305004495a9","hash":"5d2aa62c34b6445b7c0b279a521ae6e836dd131c"}
,"D:\\Source\\Repos\\cclautert\\StarkAgro\\StarkAgroUI-Mobile\\constants\\api.ts": {"path":"D:\\Source\\Repos\\cclautert\\StarkAgro\\StarkAgroUI-Mobile\\constants\\api.ts","statementMap":{"0":{"start":{"line":4,"column":2},"end":{"line":6,"column":12}},"1":{"start":{"line":9,"column":2},"end":{"line":11,"column":4}},"2":{"start":{"line":14,"column":63},"end":{"line":19,"column":1}},"3":{"start":{"line":21,"column":63},"end":{"line":26,"column":1}},"4":{"start":{"line":28,"column":55},"end":{"line":33,"column":1}}},"fnMap":{},"branchMap":{"0":{"loc":{"start":{"line":4,"column":2},"end":{"line":6,"column":12}},"type":"binary-expr","locations":[{"start":{"line":4,"column":2},"end":{"line":4,"column":38}},{"start":{"line":5,"column":3},"end":{"line":5,"column":52}},{"start":{"line":6,"column":2},"end":{"line":6,"column":12}}],"line":4},"1":{"loc":{"start":{"line":9,"column":2},"end":{"line":11,"column":4}},"type":"binary-expr","locations":[{"start":{"line":9,"column":2},"end":{"line":9,"column":42}},{"start":{"line":10,"column":3},"end":{"line":10,"column":56}},{"start":{"line":11,"column":2},"end":{"line":11,"column":4}}],"line":9}},"s":{"0":6,"1":6,"2":6,"3":6,"4":6},"f":{},"b":{"0":[6,6,0],"1":[6,6,0]},"_coverageSchema":"1a1c01bbd47fc00a2c39e90264f33305004495a9","hash":"1815a9c6331a8d666cbd14fd48c35f8c7fa7e9c5"}
,"D:\\Source\\Repos\\cclautert\\StarkAgro\\StarkAgroUI-Mobile\\constants\\colors.ts": {"path":"D:\\Source\\Repos\\cclautert\\StarkAgro\\StarkAgroUI-Mobile\\constants\\colors.ts","statementMap":{"0":{"start":{"line":1,"column":22},"end":{"line":25,"column":1}}},"fnMap":{},"branchMap":{},"s":{"0":2},"f":{},"b":{},"_coverageSchema":"1a1c01bbd47fc00a2c39e90264f33305004495a9","hash":"7ec4fb31947026f30d3f9974ece3062e3ccc1c8c"}
,"D:\\Source\\Repos\\cclautert\\StarkAgro\\StarkAgroUI-Mobile\\hooks\\useDashboardData.ts": {"path":"D:\\Source\\Repos\\cclautert\\StarkAgro\\StarkAgroUI-Mobile\\hooks\\useDashboardData.ts","statementMap":{"0":{"start":{"line":19,"column":28},"end":{"line":19,"column":75}},"1":{"start":{"line":20,"column":36},"end":{"line":20,"column":69}},"2":{"start":{"line":21,"column":32},"end":{"line":21,"column":47}},"3":{"start":{"line":22,"column":28},"end":{"line":22,"column":57}},"4":{"start":{"line":24,"column":15},"end":{"line":53,"column":29}},"5":{"start":{"line":25,"column":4},"end":{"line":25,"column":25}},"6":{"start":{"line":25,"column":18},"end":{"line":25,"column":25}},"7":{"start":{"line":26,"column":4},"end":{"line":52,"column":5}},"8":{"start":{"line":27,"column":6},"end":{"line":27,"column":23}},"9":{"start":{"line":28,"column":6},"end":{"line":28,"column":21}},"10":{"start":{"line":31,"column":24},"end":{"line":31,"column":78}},"11":{"start":{"line":32,"column":6},"end":{"line":32,"column":26}},"12":{"start":{"line":35,"column":31},"end":{"line":46,"column":7}},"13":{"start":{"line":37,"column":10},"end":{"line":44,"column":11}},"14":{"start":{"line":38,"column":28},"end":{"line":38,"column":75}},"15":{"start":{"line":39,"column":12},"end":{"line":39,"column":71}},"16":{"start":{"line":39,"column":33},"end":{"line":39,"column":71}},"17":{"start":{"line":40,"column":29},"end":{"line":40,"column":95}},"18":{"start":{"line":41,"column":12},"end":{"line":41,"column":46}},"19":{"start":{"line":43,"column":12},"end":{"line":43,"column":50}},"20":{"start":{"line":47,"column":6},"end":{"line":47,"column":37}},"21":{"start":{"line":49,"column":6},"end":{"line":49,"column":54}},"22":{"start":{"line":51,"column":6},"end":{"line":51,"column":24}},"23":{"start":{"line":55,"column":2},"end":{"line":59,"column":13}},"24":{"start":{"line":56,"column":4},"end":{"line":56,"column":11}},"25":{"start":{"line":57,"column":21},"end":{"line":57,"column":45}},"26":{"start":{"line":58,"column":4},"end":{"line":58,"column":41}},"27":{"start":{"line":58,"column":17},"end":{"line":58,"column":40}},"28":{"start":{"line":61,"column":2},"end":{"line":61,"column":61}}},"fnMap":{"0":{"name":"useDashboardData","decl":{"start":{"line":18,"column":16},"end":{"line":18,"column":32}},"loc":{"start":{"line":18,"column":124},"end":{"line":62,"column":1}},"line":18},"1":{"name":"(anonymous_1)","decl":{"start":{"line":24,"column":27},"end":{"line":24,"column":28}},"loc":{"start":{"line":24,"column":39},"end":{"line":53,"column":3}},"line":24},"2":{"name":"(anonymous_2)","decl":{"start":{"line":36,"column":25},"end":{"line":36,"column":26}},"loc":{"start":{"line":36,"column":38},"end":{"line":45,"column":9}},"line":36},"3":{"name":"(anonymous_3)","decl":{"start":{"line":55,"column":12},"end":{"line":55,"column":13}},"loc":{"start":{"line":55,"column":18},"end":{"line":59,"column":3}},"line":55},"4":{"name":"(anonymous_4)","decl":{"start":{"line":58,"column":11},"end":{"line":58,"column":12}},"loc":{"start":{"line":58,"column":17},"end":{"line":58,"column":40}},"line":58}},"branchMap":{"0":{"loc":{"start":{"line":18,"column":57},"end":{"line":18,"column":81}},"type":"default-arg","locations":[{"start":{"line":18,"column":80},"end":{"line":18,"column":81}}],"line":18},"1":{"loc":{"start":{"line":25,"column":4},"end":{"line":25,"column":25}},"type":"if","locations":[{"start":{"line":25,"column":4},"end":{"line":25,"column":25}},{"start":{},"end":{}}],"line":25},"2":{"loc":{"start":{"line":39,"column":12},"end":{"line":39,"column":71}},"type":"if","locations":[{"start":{"line":39,"column":12},"end":{"line":39,"column":71}},{"start":{},"end":{}}],"line":39}},"s":{"0":10,"1":10,"2":10,"3":10,"4":10,"5":4,"6":1,"7":3,"8":3,"9":3,"10":3,"11":3,"12":3,"13":12,"14":12,"15":9,"16":4,"17":5,"18":5,"19":3,"20":3,"21":0,"22":3,"23":10,"24":4,"25":4,"26":4,"27":4,"28":10},"f":{"0":10,"1":4,"2":12,"3":4,"4":4},"b":{"0":[0],"1":[1,3],"2":[4,5]},"_coverageSchema":"1a1c01bbd47fc00a2c39e90264f33305004495a9","hash":"57e41df44b270665729920b80a96519ea3f7b354"}
,"D:\\Source\\Repos\\cclautert\\StarkAgro\\StarkAgroUI-Mobile\\hooks\\usePivots.ts": {"path":"D:\\Source\\Repos\\cclautert\\StarkAgro\\StarkAgroUI-Mobile\\hooks\\usePivots.ts","statementMap":{"0":{"start":{"line":6,"column":30},"end":{"line":6,"column":51}},"1":{"start":{"line":7,"column":32},"end":{"line":7,"column":46}},"2":{"start":{"line":8,"column":28},"end":{"line":8,"column":57}},"3":{"start":{"line":10,"column":15},"end":{"line":21,"column":8}},"4":{"start":{"line":11,"column":4},"end":{"line":20,"column":5}},"5":{"start":{"line":12,"column":6},"end":{"line":12,"column":23}},"6":{"start":{"line":13,"column":6},"end":{"line":13,"column":21}},"7":{"start":{"line":14,"column":19},"end":{"line":14,"column":46}},"8":{"start":{"line":15,"column":6},"end":{"line":15,"column":22}},"9":{"start":{"line":17,"column":6},"end":{"line":17,"column":41}},"10":{"start":{"line":19,"column":6},"end":{"line":19,"column":24}},"11":{"start":{"line":23,"column":2},"end":{"line":25,"column":13}},"12":{"start":{"line":24,"column":4},"end":{"line":24,"column":11}},"13":{"start":{"line":27,"column":2},"end":{"line":27,"column":51}}},"fnMap":{"0":{"name":"usePivots","decl":{"start":{"line":5,"column":16},"end":{"line":5,"column":25}},"loc":{"start":{"line":5,"column":28},"end":{"line":28,"column":1}},"line":5},"1":{"name":"(anonymous_1)","decl":{"start":{"line":10,"column":27},"end":{"line":10,"column":28}},"loc":{"start":{"line":10,"column":39},"end":{"line":21,"column":3}},"line":10},"2":{"name":"(anonymous_2)","decl":{"start":{"line":23,"column":12},"end":{"line":23,"column":13}},"loc":{"start":{"line":23,"column":18},"end":{"line":25,"column":3}},"line":23}},"branchMap":{},"s":{"0":9,"1":9,"2":9,"3":9,"4":5,"5":5,"6":5,"7":5,"8":4,"9":1,"10":5,"11":9,"12":4,"13":9},"f":{"0":9,"1":5,"2":4},"b":{},"_coverageSchema":"1a1c01bbd47fc00a2c39e90264f33305004495a9","hash":"f31a2ff839271334befc4e73137dadca01113cec"}
,"D:\\Source\\Repos\\cclautert\\StarkAgro\\StarkAgroUI-Mobile\\services\\api.ts": {"path":"D:\\Source\\Repos\\cclautert\\StarkAgro\\StarkAgroUI-Mobile\\services\\api.ts","statementMap":{"0":{"start":{"line":6,"column":12},"end":{"line":9,"column":2}},"1":{"start":{"line":11,"column":0},"end":{"line":17,"column":3}},"2":{"start":{"line":12,"column":16},"end":{"line":12,"column":45}},"3":{"start":{"line":13,"column":2},"end":{"line":15,"column":3}},"4":{"start":{"line":14,"column":4},"end":{"line":14,"column":53}},"5":{"start":{"line":16,"column":2},"end":{"line":16,"column":16}},"6":{"start":{"line":19,"column":0},"end":{"line":28,"column":2}},"7":{"start":{"line":20,"column":16},"end":{"line":20,"column":24}},"8":{"start":{"line":22,"column":4},"end":{"line":25,"column":5}},"9":{"start":{"line":23,"column":6},"end":{"line":23,"column":39}},"10":{"start":{"line":24,"column":6},"end":{"line":24,"column":38}},"11":{"start":{"line":26,"column":4},"end":{"line":26,"column":33}}},"fnMap":{"0":{"name":"(anonymous_0)","decl":{"start":{"line":11,"column":29},"end":{"line":11,"column":30}},"loc":{"start":{"line":11,"column":47},"end":{"line":17,"column":1}},"line":11},"1":{"name":"(anonymous_1)","decl":{"start":{"line":20,"column":2},"end":{"line":20,"column":3}},"loc":{"start":{"line":20,"column":16},"end":{"line":20,"column":24}},"line":20},"2":{"name":"(anonymous_2)","decl":{"start":{"line":21,"column":2},"end":{"line":21,"column":3}},"loc":{"start":{"line":21,"column":19},"end":{"line":27,"column":3}},"line":21}},"branchMap":{"0":{"loc":{"start":{"line":13,"column":2},"end":{"line":15,"column":3}},"type":"if","locations":[{"start":{"line":13,"column":2},"end":{"line":15,"column":3}},{"start":{},"end":{}}],"line":13},"1":{"loc":{"start":{"line":22,"column":4},"end":{"line":25,"column":5}},"type":"if","locations":[{"start":{"line":22,"column":4},"end":{"line":25,"column":5}},{"start":{},"end":{}}],"line":22}},"s":{"0":5,"1":5,"2":21,"3":21,"4":17,"5":21,"6":5,"7":19,"8":2,"9":1,"10":1,"11":2},"f":{"0":21,"1":19,"2":2},"b":{"0":[17,4],"1":[1,1]},"_coverageSchema":"1a1c01bbd47fc00a2c39e90264f33305004495a9","hash":"849ccfb9d35f5663e6cb3a3a7828af1ff07780f6"}
,"D:\\Source\\Repos\\cclautert\\StarkAgro\\StarkAgroUI-Mobile\\services\\authService.ts": {"path":"D:\\Source\\Repos\\cclautert\\StarkAgro\\StarkAgroUI-Mobile\\services\\authService.ts","statementMap":{"0":{"start":{"line":4,"column":27},"end":{"line":18,"column":1}},"1":{"start":{"line":6,"column":16},"end":{"line":6,"column":65}},"2":{"start":{"line":7,"column":4},"end":{"line":7,"column":20}},"3":{"start":{"line":11,"column":16},"end":{"line":11,"column":74}},"4":{"start":{"line":12,"column":4},"end":{"line":12,"column":20}},"5":{"start":{"line":16,"column":4},"end":{"line":16,"column":41}}},"fnMap":{"0":{"name":"(anonymous_0)","decl":{"start":{"line":5,"column":2},"end":{"line":5,"column":3}},"loc":{"start":{"line":5,"column":58},"end":{"line":8,"column":3}},"line":5},"1":{"name":"(anonymous_1)","decl":{"start":{"line":10,"column":2},"end":{"line":10,"column":3}},"loc":{"start":{"line":10,"column":81},"end":{"line":13,"column":3}},"line":10},"2":{"name":"(anonymous_2)","decl":{"start":{"line":15,"column":2},"end":{"line":15,"column":3}},"loc":{"start":{"line":15,"column":57},"end":{"line":17,"column":3}},"line":15}},"branchMap":{},"s":{"0":1,"1":2,"2":1,"3":2,"4":1,"5":0},"f":{"0":2,"1":2,"2":0},"b":{},"_coverageSchema":"1a1c01bbd47fc00a2c39e90264f33305004495a9","hash":"8dedfe4e7db00afbbf0a132d81ca15e5e97d11f3"}
,"D:\\Source\\Repos\\cclautert\\StarkAgro\\StarkAgroUI-Mobile\\services\\pivotService.ts": {"path":"D:\\Source\\Repos\\cclautert\\StarkAgro\\StarkAgroUI-Mobile\\services\\pivotService.ts","statementMap":{"0":{"start":{"line":4,"column":28},"end":{"line":28,"column":1}},"1":{"start":{"line":6,"column":16},"end":{"line":6,"column":54}},"2":{"start":{"line":7,"column":4},"end":{"line":7,"column":20}},"3":{"start":{"line":11,"column":16},"end":{"line":11,"column":73}},"4":{"start":{"line":12,"column":4},"end":{"line":12,"column":20}},"5":{"start":{"line":16,"column":16},"end":{"line":16,"column":65}},"6":{"start":{"line":17,"column":4},"end":{"line":17,"column":20}},"7":{"start":{"line":21,"column":16},"end":{"line":21,"column":67}},"8":{"start":{"line":22,"column":4},"end":{"line":22,"column":20}},"9":{"start":{"line":26,"column":4},"end":{"line":26,"column":57}}},"fnMap":{"0":{"name":"(anonymous_0)","decl":{"start":{"line":5,"column":2},"end":{"line":5,"column":3}},"loc":{"start":{"line":5,"column":35},"end":{"line":8,"column":3}},"line":5},"1":{"name":"(anonymous_1)","decl":{"start":{"line":10,"column":2},"end":{"line":10,"column":3}},"loc":{"start":{"line":10,"column":44},"end":{"line":13,"column":3}},"line":10},"2":{"name":"(anonymous_2)","decl":{"start":{"line":15,"column":2},"end":{"line":15,"column":3}},"loc":{"start":{"line":15,"column":63},"end":{"line":18,"column":3}},"line":15},"3":{"name":"(anonymous_3)","decl":{"start":{"line":20,"column":2},"end":{"line":20,"column":3}},"loc":{"start":{"line":20,"column":64},"end":{"line":23,"column":3}},"line":20},"4":{"name":"(anonymous_4)","decl":{"start":{"line":25,"column":2},"end":{"line":25,"column":3}},"loc":{"start":{"line":25,"column":42},"end":{"line":27,"column":3}},"line":25}},"branchMap":{},"s":{"0":1,"1":1,"2":1,"3":1,"4":1,"5":1,"6":1,"7":1,"8":1,"9":1},"f":{"0":1,"1":1,"2":1,"3":1,"4":1},"b":{},"_coverageSchema":"1a1c01bbd47fc00a2c39e90264f33305004495a9","hash":"8ad593d1f8ac65dc7967c221fb60d13f467b426b"}
,"D:\\Source\\Repos\\cclautert\\StarkAgro\\StarkAgroUI-Mobile\\services\\readsService.ts": {"path":"D:\\Source\\Repos\\cclautert\\StarkAgro\\StarkAgroUI-Mobile\\services\\readsService.ts","statementMap":{"0":{"start":{"line":4,"column":28},"end":{"line":27,"column":1}},"1":{"start":{"line":10,"column":16},"end":{"line":12,"column":6}},"2":{"start":{"line":13,"column":4},"end":{"line":13,"column":20}},"3":{"start":{"line":22,"column":16},"end":{"line":24,"column":6}},"4":{"start":{"line":25,"column":4},"end":{"line":25,"column":20}}},"fnMap":{"0":{"name":"(anonymous_0)","decl":{"start":{"line":6,"column":2},"end":{"line":6,"column":3}},"loc":{"start":{"line":9,"column":39},"end":{"line":14,"column":3}},"line":9},"1":{"name":"(anonymous_1)","decl":{"start":{"line":17,"column":2},"end":{"line":17,"column":3}},"loc":{"start":{"line":21,"column":26},"end":{"line":26,"column":3}},"line":21}},"branchMap":{"0":{"loc":{"start":{"line":8,"column":4},"end":{"line":8,"column":29}},"type":"default-arg","locations":[{"start":{"line":8,"column":28},"end":{"line":8,"column":29}}],"line":8},"1":{"loc":{"start":{"line":20,"column":4},"end":{"line":20,"column":29}},"type":"default-arg","locations":[{"start":{"line":20,"column":28},"end":{"line":20,"column":29}}],"line":20}},"s":{"0":1,"1":2,"2":2,"3":2,"4":2},"f":{"0":2,"1":2},"b":{"0":[1],"1":[1]},"_coverageSchema":"1a1c01bbd47fc00a2c39e90264f33305004495a9","hash":"75e35b5718dba1b395b3d9954a120f549ad895d8"}
,"D:\\Source\\Repos\\cclautert\\StarkAgro\\StarkAgroUI-Mobile\\services\\sensorService.ts": {"path":"D:\\Source\\Repos\\cclautert\\StarkAgro\\StarkAgroUI-Mobile\\services\\sensorService.ts","statementMap":{"0":{"start":{"line":4,"column":29},"end":{"line":35,"column":1}},"1":{"start":{"line":6,"column":16},"end":{"line":6,"column":56}},"2":{"start":{"line":7,"column":4},"end":{"line":7,"column":20}},"3":{"start":{"line":11,"column":16},"end":{"line":11,"column":75}},"4":{"start":{"line":12,"column":4},"end":{"line":12,"column":20}},"5":{"start":{"line":16,"column":16},"end":{"line":18,"column":6}},"6":{"start":{"line":19,"column":4},"end":{"line":19,"column":20}},"7":{"start":{"line":23,"column":16},"end":{"line":23,"column":66}},"8":{"start":{"line":24,"column":4},"end":{"line":24,"column":20}},"9":{"start":{"line":28,"column":16},"end":{"line":28,"column":68}},"10":{"start":{"line":29,"column":4},"end":{"line":29,"column":20}},"11":{"start":{"line":33,"column":4},"end":{"line":33,"column":58}}},"fnMap":{"0":{"name":"(anonymous_0)","decl":{"start":{"line":5,"column":2},"end":{"line":5,"column":3}},"loc":{"start":{"line":5,"column":36},"end":{"line":8,"column":3}},"line":5},"1":{"name":"(anonymous_1)","decl":{"start":{"line":10,"column":2},"end":{"line":10,"column":3}},"loc":{"start":{"line":10,"column":45},"end":{"line":13,"column":3}},"line":10},"2":{"name":"(anonymous_2)","decl":{"start":{"line":15,"column":2},"end":{"line":15,"column":3}},"loc":{"start":{"line":15,"column":79},"end":{"line":20,"column":3}},"line":15},"3":{"name":"(anonymous_3)","decl":{"start":{"line":22,"column":2},"end":{"line":22,"column":3}},"loc":{"start":{"line":22,"column":64},"end":{"line":25,"column":3}},"line":22},"4":{"name":"(anonymous_4)","decl":{"start":{"line":27,"column":2},"end":{"line":27,"column":3}},"loc":{"start":{"line":27,"column":65},"end":{"line":30,"column":3}},"line":27},"5":{"name":"(anonymous_5)","decl":{"start":{"line":32,"column":2},"end":{"line":32,"column":3}},"loc":{"start":{"line":32,"column":42},"end":{"line":34,"column":3}},"line":32}},"branchMap":{},"s":{"0":1,"1":1,"2":1,"3":1,"4":1,"5":1,"6":1,"7":1,"8":1,"9":1,"10":1,"11":1},"f":{"0":1,"1":1,"2":1,"3":1,"4":1,"5":1},"b":{},"_coverageSchema":"1a1c01bbd47fc00a2c39e90264f33305004495a9","hash":"5addaefa63f8cc332e0134aee617d06bc2022532"}
,"D:\\Source\\Repos\\cclautert\\StarkAgro\\StarkAgroUI-Mobile\\services\\tokenStorage.ts": {"path":"D:\\Source\\Repos\\cclautert\\StarkAgro\\StarkAgroUI-Mobile\\services\\tokenStorage.ts","statementMap":{"0":{"start":{"line":4,"column":12},"end":{"line":4,"column":29}},"1":{"start":{"line":6,"column":28},"end":{"line":27,"column":1}},"2":{"start":{"line":8,"column":4},"end":{"line":10,"column":5}},"3":{"start":{"line":9,"column":6},"end":{"line":9,"column":78}},"4":{"start":{"line":11,"column":4},"end":{"line":11,"column":41}},"5":{"start":{"line":14,"column":4},"end":{"line":17,"column":5}},"6":{"start":{"line":15,"column":6},"end":{"line":15,"column":74}},"7":{"start":{"line":15,"column":41},"end":{"line":15,"column":74}},"8":{"start":{"line":16,"column":6},"end":{"line":16,"column":13}},"9":{"start":{"line":18,"column":4},"end":{"line":18,"column":48}},"10":{"start":{"line":21,"column":4},"end":{"line":24,"column":5}},"11":{"start":{"line":22,"column":6},"end":{"line":22,"column":70}},"12":{"start":{"line":22,"column":41},"end":{"line":22,"column":70}},"13":{"start":{"line":23,"column":6},"end":{"line":23,"column":13}},"14":{"start":{"line":25,"column":4},"end":{"line":25,"column":44}}},"fnMap":{"0":{"name":"(anonymous_0)","decl":{"start":{"line":7,"column":2},"end":{"line":7,"column":3}},"loc":{"start":{"line":7,"column":43},"end":{"line":12,"column":3}},"line":7},"1":{"name":"(anonymous_1)","decl":{"start":{"line":13,"column":2},"end":{"line":13,"column":3}},"loc":{"start":{"line":13,"column":47},"end":{"line":19,"column":3}},"line":13},"2":{"name":"(anonymous_2)","decl":{"start":{"line":20,"column":2},"end":{"line":20,"column":3}},"loc":{"start":{"line":20,"column":37},"end":{"line":26,"column":3}},"line":20}},"branchMap":{"0":{"loc":{"start":{"line":8,"column":4},"end":{"line":10,"column":5}},"type":"if","locations":[{"start":{"line":8,"column":4},"end":{"line":10,"column":5}},{"start":{},"end":{}}],"line":8},"1":{"loc":{"start":{"line":9,"column":13},"end":{"line":9,"column":77}},"type":"cond-expr","locations":[{"start":{"line":9,"column":45},"end":{"line":9,"column":70}},{"start":{"line":9,"column":73},"end":{"line":9,"column":77}}],"line":9},"2":{"loc":{"start":{"line":14,"column":4},"end":{"line":17,"column":5}},"type":"if","locations":[{"start":{"line":14,"column":4},"end":{"line":17,"column":5}},{"start":{},"end":{}}],"line":14},"3":{"loc":{"start":{"line":15,"column":6},"end":{"line":15,"column":74}},"type":"if","locations":[{"start":{"line":15,"column":6},"end":{"line":15,"column":74}},{"start":{},"end":{}}],"line":15},"4":{"loc":{"start":{"line":21,"column":4},"end":{"line":24,"column":5}},"type":"if","locations":[{"start":{"line":21,"column":4},"end":{"line":24,"column":5}},{"start":{},"end":{}}],"line":21},"5":{"loc":{"start":{"line":22,"column":6},"end":{"line":22,"column":70}},"type":"if","locations":[{"start":{"line":22,"column":6},"end":{"line":22,"column":70}},{"start":{},"end":{}}],"line":22}},"s":{"0":5,"1":5,"2":6,"3":1,"4":5,"5":5,"6":1,"7":1,"8":1,"9":4,"10":8,"11":1,"12":1,"13":1,"14":7},"f":{"0":6,"1":5,"2":8},"b":{"0":[1,5],"1":[1,0],"2":[1,4],"3":[1,0],"4":[1,7],"5":[1,0]},"_coverageSchema":"1a1c01bbd47fc00a2c39e90264f33305004495a9","hash":"a66cdaa71ad1fb122f557f0c2b36c3f790ebe26f"}
,"D:\\Source\\Repos\\cclautert\\StarkAgro\\StarkAgroUI-Mobile\\services\\userService.ts": {"path":"D:\\Source\\Repos\\cclautert\\StarkAgro\\StarkAgroUI-Mobile\\services\\userService.ts","statementMap":{"0":{"start":{"line":4,"column":27},"end":{"line":14,"column":1}},"1":{"start":{"line":6,"column":16},"end":{"line":6,"column":71}},"2":{"start":{"line":7,"column":4},"end":{"line":7,"column":20}},"3":{"start":{"line":11,"column":16},"end":{"line":11,"column":56}},"4":{"start":{"line":12,"column":4},"end":{"line":12,"column":20}}},"fnMap":{"0":{"name":"(anonymous_0)","decl":{"start":{"line":5,"column":2},"end":{"line":5,"column":3}},"loc":{"start":{"line":5,"column":43},"end":{"line":8,"column":3}},"line":5},"1":{"name":"(anonymous_1)","decl":{"start":{"line":10,"column":2},"end":{"line":10,"column":3}},"loc":{"start":{"line":10,"column":81},"end":{"line":13,"column":3}},"line":10}},"branchMap":{},"s":{"0":1,"1":1,"2":1,"3":1,"4":1},"f":{"0":1,"1":1},"b":{},"_coverageSchema":"1a1c01bbd47fc00a2c39e90264f33305004495a9","hash":"9ebbed537e3fdfecc82c1d2a4b1fd87767420f32"}
,"D:\\Source\\Repos\\cclautert\\StarkAgro\\StarkAgroUI-Mobile\\stores\\authStore.ts": {"path":"D:\\Source\\Repos\\cclautert\\StarkAgro\\StarkAgroUI-Mobile\\stores\\authStore.ts","statementMap":{"0":{"start":{"line":14,"column":28},"end":{"line":34,"column":3}},"1":{"start":{"line":14,"column":56},"end":{"line":34,"column":1}},"2":{"start":{"line":21,"column":4},"end":{"line":21,"column":39}},"3":{"start":{"line":22,"column":4},"end":{"line":22,"column":37}},"4":{"start":{"line":26,"column":4},"end":{"line":26,"column":37}},"5":{"start":{"line":27,"column":4},"end":{"line":27,"column":55}},"6":{"start":{"line":31,"column":18},"end":{"line":31,"column":47}},"7":{"start":{"line":32,"column":4},"end":{"line":32,"column":37}}},"fnMap":{"0":{"name":"(anonymous_0)","decl":{"start":{"line":14,"column":46},"end":{"line":14,"column":47}},"loc":{"start":{"line":14,"column":56},"end":{"line":34,"column":1}},"line":14},"1":{"name":"(anonymous_1)","decl":{"start":{"line":20,"column":11},"end":{"line":20,"column":12}},"loc":{"start":{"line":20,"column":46},"end":{"line":23,"column":3}},"line":20},"2":{"name":"(anonymous_2)","decl":{"start":{"line":25,"column":10},"end":{"line":25,"column":11}},"loc":{"start":{"line":25,"column":22},"end":{"line":28,"column":3}},"line":25},"3":{"name":"(anonymous_3)","decl":{"start":{"line":30,"column":11},"end":{"line":30,"column":12}},"loc":{"start":{"line":30,"column":23},"end":{"line":33,"column":3}},"line":30}},"branchMap":{},"s":{"0":1,"1":1,"2":2,"3":2,"4":6,"5":6,"6":2,"7":2},"f":{"0":1,"1":2,"2":6,"3":2},"b":{},"_coverageSchema":"1a1c01bbd47fc00a2c39e90264f33305004495a9","hash":"15fcae3b189558e8fbe438ee93a1fadda73e01df"}
,"D:\\Source\\Repos\\cclautert\\StarkAgro\\StarkAgroUI-Mobile\\stores\\settingsStore.ts": {"path":"D:\\Source\\Repos\\cclautert\\StarkAgro\\StarkAgroUI-Mobile\\stores\\settingsStore.ts","statementMap":{"0":{"start":{"line":14,"column":32},"end":{"line":29,"column":1}},"1":{"start":{"line":16,"column":14},"end":{"line":23,"column":5}},"2":{"start":{"line":20,"column":31},"end":{"line":20,"column":56}},"3":{"start":{"line":21,"column":31},"end":{"line":21,"column":56}},"4":{"start":{"line":22,"column":33},"end":{"line":22,"column":60}},"5":{"start":{"line":26,"column":39},"end":{"line":26,"column":51}}},"fnMap":{"0":{"name":"(anonymous_0)","decl":{"start":{"line":16,"column":4},"end":{"line":16,"column":5}},"loc":{"start":{"line":16,"column":14},"end":{"line":23,"column":5}},"line":16},"1":{"name":"(anonymous_1)","decl":{"start":{"line":20,"column":24},"end":{"line":20,"column":25}},"loc":{"start":{"line":20,"column":31},"end":{"line":20,"column":56}},"line":20},"2":{"name":"(anonymous_2)","decl":{"start":{"line":21,"column":24},"end":{"line":21,"column":25}},"loc":{"start":{"line":21,"column":31},"end":{"line":21,"column":56}},"line":21},"3":{"name":"(anonymous_3)","decl":{"start":{"line":22,"column":26},"end":{"line":22,"column":27}},"loc":{"start":{"line":22,"column":33},"end":{"line":22,"column":60}},"line":22},"4":{"name":"(anonymous_4)","decl":{"start":{"line":26,"column":33},"end":{"line":26,"column":34}},"loc":{"start":{"line":26,"column":39},"end":{"line":26,"column":51}},"line":26}},"branchMap":{},"s":{"0":1,"1":1,"2":7,"3":6,"4":6,"5":1},"f":{"0":1,"1":7,"2":6,"3":6,"4":1},"b":{},"_coverageSchema":"1a1c01bbd47fc00a2c39e90264f33305004495a9","hash":"fb9d89592ef3d9b46c78c19feead117fa1495c91"}
}
