TN:
SF:components\dashboard\HumidityChart.tsx
FN:17,formatDateShort
FN:24,HumidityChart
FN:33,(anonymous_2)
FN:34,(anonymous_3)
FN:34,(anonymous_4)
FN:43,toY
FN:47,toX
FN:57,(anonymous_7)
FN:128,(anonymous_8)
FN:136,(anonymous_9)
FN:159,(anonymous_10)
FN:160,(anonymous_11)
FN:179,(anonymous_12)
FNF:13
FNH:12
FNDA:6,formatDateShort
FNDA:4,HumidityChart
FNDA:4,(anonymous_2)
FNDA:16,(anonymous_3)
FNDA:6,(anonymous_4)
FNDA:8,toY
FNDA:0,toX
FNDA:7,(anonymous_7)
FNDA:12,(anonymous_8)
FNDA:6,(anonymous_9)
FNDA:3,(anonymous_10)
FNDA:3,(anonymous_11)
FNDA:12,(anonymous_12)
DA:6,1
DA:8,1
DA:9,1
DA:18,6
DA:19,6
DA:20,6
DA:21,6
DA:25,4
DA:26,4
DA:27,4
DA:28,4
DA:29,4
DA:30,4
DA:33,4
DA:34,16
DA:35,4
DA:36,4
DA:39,4
DA:40,4
DA:41,4
DA:44,8
DA:48,0
DA:52,4
DA:53,4
DA:57,7
DA:59,4
DA:60,1
DA:67,3
DA:129,12
DA:130,3
DA:131,3
DA:137,6
DA:138,6
DA:160,3
DA:161,3
DA:162,3
DA:163,3
DA:180,12
LF:38
LH:37
BRDA:41,0,0,4
BRDA:41,0,1,0
BRDA:59,1,0,1
BRDA:59,1,1,3
BRDA:129,2,0,9
BRDA:129,2,1,3
BRDA:130,3,0,3
BRDA:130,3,1,0
BRDA:161,4,0,0
BRDA:161,4,1,3
BRDA:166,5,0,3
BRDA:166,5,1,0
BRDA:170,6,0,3
BRDA:170,6,1,0
BRF:14
BRH:9
end_of_record
TN:
SF:components\dashboard\QuadrantCard.tsx
FN:19,getStatus
FN:27,QuadrantCard
FNF:2
FNH:2
FNDA:7,getStatus
FNDA:7,QuadrantCard
DA:20,7
DA:21,5
DA:22,4
DA:23,3
DA:24,2
DA:28,7
DA:29,7
DA:31,7
LF:8
LH:8
BRDA:20,0,0,2
BRDA:20,0,1,5
BRDA:21,1,0,1
BRDA:21,1,1,4
BRDA:22,2,0,1
BRDA:22,2,1,3
BRDA:23,3,0,1
BRDA:23,3,1,2
BRDA:29,4,0,7
BRDA:29,4,1,5
BRDA:29,4,2,4
BRDA:40,5,0,2
BRDA:40,5,1,5
BRDA:50,6,0,5
BRDA:50,6,1,2
BRDA:56,7,0,2
BRDA:56,7,1,5
BRF:17
BRH:17
end_of_record
TN:
SF:constants\api.ts
FNF:0
FNH:0
DA:4,6
DA:9,6
DA:14,6
DA:21,6
DA:28,6
LF:5
LH:5
BRDA:4,0,0,6
BRDA:4,0,1,6
BRDA:4,0,2,0
BRDA:9,1,0,6
BRDA:9,1,1,6
BRDA:9,1,2,0
BRF:6
BRH:4
end_of_record
TN:
SF:constants\colors.ts
FNF:0
FNH:0
DA:1,2
LF:1
LH:1
BRF:0
BRH:0
end_of_record
TN:
SF:hooks\useDashboardData.ts
FN:18,useDashboardData
FN:24,(anonymous_1)
FN:36,(anonymous_2)
FN:55,(anonymous_3)
FN:58,(anonymous_4)
FNF:5
FNH:5
FNDA:10,useDashboardData
FNDA:4,(anonymous_1)
FNDA:12,(anonymous_2)
FNDA:4,(anonymous_3)
FNDA:4,(anonymous_4)
DA:19,10
DA:20,10
DA:21,10
DA:22,10
DA:24,10
DA:25,4
DA:26,3
DA:27,3
DA:28,3
DA:31,3
DA:32,3
DA:35,3
DA:37,12
DA:38,12
DA:39,9
DA:40,5
DA:41,5
DA:43,3
DA:47,3
DA:49,0
DA:51,3
DA:55,10
DA:56,4
DA:57,4
DA:58,4
DA:61,10
LF:26
LH:25
BRDA:18,0,0,0
BRDA:25,1,0,1
BRDA:25,1,1,3
BRDA:39,2,0,4
BRDA:39,2,1,5
BRF:5
BRH:4
end_of_record
TN:
SF:hooks\usePivots.ts
FN:5,usePivots
FN:10,(anonymous_1)
FN:23,(anonymous_2)
FNF:3
FNH:3
FNDA:9,usePivots
FNDA:5,(anonymous_1)
FNDA:4,(anonymous_2)
DA:6,9
DA:7,9
DA:8,9
DA:10,9
DA:11,5
DA:12,5
DA:13,5
DA:14,5
DA:15,4
DA:17,1
DA:19,5
DA:23,9
DA:24,4
DA:27,9
LF:14
LH:14
BRF:0
BRH:0
end_of_record
TN:
SF:services\api.ts
FN:11,(anonymous_0)
FN:20,(anonymous_1)
FN:21,(anonymous_2)
FNF:3
FNH:3
FNDA:21,(anonymous_0)
FNDA:19,(anonymous_1)
FNDA:2,(anonymous_2)
DA:6,5
DA:11,5
DA:12,21
DA:13,21
DA:14,17
DA:16,21
DA:19,5
DA:20,19
DA:22,2
DA:23,1
DA:24,1
DA:26,2
LF:12
LH:12
BRDA:13,0,0,17
BRDA:13,0,1,4
BRDA:22,1,0,1
BRDA:22,1,1,1
BRF:4
BRH:4
end_of_record
TN:
SF:services\authService.ts
FN:5,(anonymous_0)
FN:10,(anonymous_1)
FN:15,(anonymous_2)
FNF:3
FNH:2
FNDA:2,(anonymous_0)
FNDA:2,(anonymous_1)
FNDA:0,(anonymous_2)
DA:4,1
DA:6,2
DA:7,1
DA:11,2
DA:12,1
DA:16,0
LF:6
LH:5
BRF:0
BRH:0
end_of_record
TN:
SF:services\pivotService.ts
FN:5,(anonymous_0)
FN:10,(anonymous_1)
FN:15,(anonymous_2)
FN:20,(anonymous_3)
FN:25,(anonymous_4)
FNF:5
FNH:5
FNDA:1,(anonymous_0)
FNDA:1,(anonymous_1)
FNDA:1,(anonymous_2)
FNDA:1,(anonymous_3)
FNDA:1,(anonymous_4)
DA:4,1
DA:6,1
DA:7,1
DA:11,1
DA:12,1
DA:16,1
DA:17,1
DA:21,1
DA:22,1
DA:26,1
LF:10
LH:10
BRF:0
BRH:0
end_of_record
TN:
SF:services\readsService.ts
FN:6,(anonymous_0)
FN:17,(anonymous_1)
FNF:2
FNH:2
FNDA:2,(anonymous_0)
FNDA:2,(anonymous_1)
DA:4,1
DA:10,2
DA:13,2
DA:22,2
DA:25,2
LF:5
LH:5
BRDA:8,0,0,1
BRDA:20,1,0,1
BRF:2
BRH:2
end_of_record
TN:
SF:services\sensorService.ts
FN:5,(anonymous_0)
FN:10,(anonymous_1)
FN:15,(anonymous_2)
FN:22,(anonymous_3)
FN:27,(anonymous_4)
FN:32,(anonymous_5)
FNF:6
FNH:6
FNDA:1,(anonymous_0)
FNDA:1,(anonymous_1)
FNDA:1,(anonymous_2)
FNDA:1,(anonymous_3)
FNDA:1,(anonymous_4)
FNDA:1,(anonymous_5)
DA:4,1
DA:6,1
DA:7,1
DA:11,1
DA:12,1
DA:16,1
DA:19,1
DA:23,1
DA:24,1
DA:28,1
DA:29,1
DA:33,1
LF:12
LH:12
BRF:0
BRH:0
end_of_record
TN:
SF:services\tokenStorage.ts
FN:7,(anonymous_0)
FN:13,(anonymous_1)
FN:20,(anonymous_2)
FNF:3
FNH:3
FNDA:6,(anonymous_0)
FNDA:5,(anonymous_1)
FNDA:8,(anonymous_2)
DA:4,5
DA:6,5
DA:8,6
DA:9,1
DA:11,5
DA:14,5
DA:15,1
DA:16,1
DA:18,4
DA:21,8
DA:22,1
DA:23,1
DA:25,7
LF:13
LH:13
BRDA:8,0,0,1
BRDA:8,0,1,5
BRDA:9,1,0,1
BRDA:9,1,1,0
BRDA:14,2,0,1
BRDA:14,2,1,4
BRDA:15,3,0,1
BRDA:15,3,1,0
BRDA:21,4,0,1
BRDA:21,4,1,7
BRDA:22,5,0,1
BRDA:22,5,1,0
BRF:12
BRH:9
end_of_record
TN:
SF:services\userService.ts
FN:5,(anonymous_0)
FN:10,(anonymous_1)
FNF:2
FNH:2
FNDA:1,(anonymous_0)
FNDA:1,(anonymous_1)
DA:4,1
DA:6,1
DA:7,1
DA:11,1
DA:12,1
LF:5
LH:5
BRF:0
BRH:0
end_of_record
TN:
SF:stores\authStore.ts
FN:14,(anonymous_0)
FN:20,(anonymous_1)
FN:25,(anonymous_2)
FN:30,(anonymous_3)
FNF:4
FNH:4
FNDA:1,(anonymous_0)
FNDA:2,(anonymous_1)
FNDA:6,(anonymous_2)
FNDA:2,(anonymous_3)
DA:14,1
DA:21,2
DA:22,2
DA:26,6
DA:27,6
DA:31,2
DA:32,2
LF:7
LH:7
BRF:0
BRH:0
end_of_record
TN:
SF:stores\settingsStore.ts
FN:16,(anonymous_0)
FN:20,(anonymous_1)
FN:21,(anonymous_2)
FN:22,(anonymous_3)
FN:26,(anonymous_4)
FNF:5
FNH:5
FNDA:1,(anonymous_0)
FNDA:7,(anonymous_1)
FNDA:6,(anonymous_2)
FNDA:6,(anonymous_3)
FNDA:1,(anonymous_4)
DA:14,1
DA:16,1
DA:20,7
DA:21,6
DA:22,6
DA:26,1
LF:6
LH:6
BRF:0
BRH:0
end_of_record
